Build started 8/30/2017 4:34:19 PM.
     1>Project "F:\sgy_vs\HihoCoder\HihoCoder\HihoCoder.vcxproj" on node 2 (build target(s)).
     1>InitializeBuildStatus:
         Creating "Debug\HihoCoder.unsuccessfulbuild" because "AlwaysCreate" was specified.
       ClCompile:
         C:\Program Files (x86)\Microsoft Visual Studio 10.0\VC\bin\CL.exe /c /ZI /nologo /W3 /WX- /Od /Oy- /D WIN32 /D _DEBUG /D _CONSOLE /D _UNICODE /D UNICODE /Gm /EHsc /RTC1 /MDd /GS /fp:precise /Zc:wchar_t /Zc:forScope /Fo"Debug\\" /Fd"Debug\vc100.pdb" /Gd /TP /analyze- /errorReport:prompt splitSameChar.cpp
         splitSameChar.cpp
     1>f:\sgy_vs\hihocoder\hihocoder\splitsamechar.cpp(27): warning C4018: '<' : signed/unsigned mismatch
     1>f:\sgy_vs\hihocoder\hihocoder\splitsamechar.cpp(33): warning C4018: '<' : signed/unsigned mismatch
     1>f:\sgy_vs\hihocoder\hihocoder\splitsamechar.cpp(47): warning C4018: '<' : signed/unsigned mismatch
       ManifestResourceCompile:
         All outputs are up-to-date.
       Link:
         C:\Program Files (x86)\Microsoft Visual Studio 10.0\VC\bin\link.exe /ERRORREPORT:PROMPT /OUT:"F:\sgy_vs\HihoCoder\HihoCoder\Debug\HihoCoder.exe" /INCREMENTAL /NOLOGO kernel32.lib user32.lib gdi32.lib winspool.lib comdlg32.lib advapi32.lib shell32.lib ole32.lib oleaut32.lib uuid.lib odbc32.lib odbccp32.lib /MANIFEST /ManifestFile:"Debug\HihoCoder.exe.intermediate.manifest" /MANIFESTUAC:"level='asInvoker' uiAccess='false'" /DEBUG /PDB:"F:\sgy_vs\HihoCoder\HihoCoder\Debug\HihoCoder.pdb" /SUBSYSTEM:CONSOLE /TLBID:1 /DYNAMICBASE /NXCOMPAT /IMPLIB:"F:\sgy_vs\HihoCoder\HihoCoder\Debug\HihoCoder.lib" /MACHINE:X86 Debug\HihoCoder.exe.embed.manifest.res
         Debug\Hilerbert.obj
         Debug\RichMan.obj
         Debug\sequence01string.obj
         Debug\splitSameChar.obj
         Debug\terminator.obj
         Debug\theatreSeat.obj
         Debug\time.obj
         Debug\time_others.obj
       Manifest:
         C:\Program Files (x86)\Microsoft SDKs\Windows\v7.0A\bin\mt.exe /nologo /verbose /out:"Debug\HihoCoder.exe.embed.manifest" /manifest Debug\HihoCoder.exe.intermediate.manifest
         All outputs are up-to-date.
       LinkEmbedManifest:
         All outputs are up-to-date.
         HihoCoder.vcxproj -> F:\sgy_vs\HihoCoder\HihoCoder\Debug\HihoCoder.exe
       FinalizeBuildStatus:
         Deleting file "Debug\HihoCoder.unsuccessfulbuild".
         Touching "Debug\HihoCoder.lastbuildstate".
     1>Done Building Project "F:\sgy_vs\HihoCoder\HihoCoder\HihoCoder.vcxproj" (build target(s)).

Build succeeded.

Time Elapsed 00:00:00.64
