F:\SGY_VS\HIHOCODER\HIHOCODER\DEBUG\1493GEDEBAHE.OBJ
F:\SGY_VS\HIHOCODER\HIHOCODER\DEBUG\1558ID1.OBJ
F:\sgy_vs\HihoCoder\HihoCoder\Debug\cl.command.1.tlog
F:\sgy_vs\HihoCoder\HihoCoder\Debug\CL.read.1.tlog
F:\sgy_vs\HihoCoder\HihoCoder\Debug\CL.write.1.tlog
F:\SGY_VS\HIHOCODER\HIHOCODER\DEBUG\FLEEMAZE.OBJ
F:\SGY_VS\HIHOCODER\HIHOCODER\DEBUG\HIHOCODER.EXE
F:\SGY_VS\HIHOCODER\HIHOCODER\DEBUG\HIHOCODER.EXE.EMBED.MANIFEST
F:\SGY_VS\HIHOCODER\HIHOCODER\DEBUG\HIHOCODER.EXE.EMBED.MANIFEST.RES
F:\SGY_VS\HIHOCODER\HIHOCODER\DEBUG\HIHOCODER.EXE.INTERMEDIATE.MANIFEST
F:\SGY_VS\HIHOCODER\HIHOCODER\DEBUG\HIHOCODER.ILK
F:\SGY_VS\HIHOCODER\HIHOCODER\DEBUG\HIHOCODER.PDB
F:\sgy_vs\HihoCoder\HihoCoder\Debug\HihoCoder.vcxprojResolveAssemblyReference.cache
F:\sgy_vs\HihoCoder\HihoCoder\Debug\HihoCoder.write.1.tlog
F:\sgy_vs\HihoCoder\HihoCoder\Debug\HihoCoder_manifest.rc
F:\SGY_VS\HIHOCODER\HIHOCODER\DEBUG\HILERBERT.OBJ
F:\SGY_VS\HIHOCODER\HIHOCODER\DEBUG\ID1560.OBJ
F:\sgy_vs\HihoCoder\HihoCoder\Debug\link.10120.read.1.tlog
F:\sgy_vs\HihoCoder\HihoCoder\Debug\link.10120.write.1.tlog
F:\sgy_vs\HihoCoder\HihoCoder\Debug\link.10120-cvtres.read.1.tlog
F:\sgy_vs\HihoCoder\HihoCoder\Debug\link.10120-cvtres.write.1.tlog
F:\sgy_vs\HihoCoder\HihoCoder\Debug\link.4524.read.1.tlog
F:\sgy_vs\HihoCoder\HihoCoder\Debug\link.4524.write.1.tlog
F:\sgy_vs\HihoCoder\HihoCoder\Debug\link.4524-cvtres.read.1.tlog
F:\sgy_vs\HihoCoder\HihoCoder\Debug\link.4524-cvtres.write.1.tlog
F:\sgy_vs\HihoCoder\HihoCoder\Debug\link.6524.read.1.tlog
F:\sgy_vs\HihoCoder\HihoCoder\Debug\link.6524.write.1.tlog
F:\sgy_vs\HihoCoder\HihoCoder\Debug\link.6524-cvtres.read.1.tlog
F:\sgy_vs\HihoCoder\HihoCoder\Debug\link.6524-cvtres.write.1.tlog
F:\sgy_vs\HihoCoder\HihoCoder\Debug\link.command.1.tlog
F:\sgy_vs\HihoCoder\HihoCoder\Debug\link.read.1.tlog
F:\sgy_vs\HihoCoder\HihoCoder\Debug\link.write.1.tlog
F:\sgy_vs\HihoCoder\HihoCoder\Debug\link-cvtres.read.1.tlog
F:\sgy_vs\HihoCoder\HihoCoder\Debug\link-cvtres.write.1.tlog
F:\sgy_vs\HihoCoder\HihoCoder\Debug\mt.command.1.tlog
F:\sgy_vs\HihoCoder\HihoCoder\Debug\mt.read.1.tlog
F:\sgy_vs\HihoCoder\HihoCoder\Debug\mt.write.1.tlog
F:\SGY_VS\HIHOCODER\HIHOCODER\DEBUG\OTHERID1560.OBJ
F:\sgy_vs\HihoCoder\HihoCoder\Debug\rc.command.1.tlog
F:\sgy_vs\HihoCoder\HihoCoder\Debug\rc.read.1.tlog
F:\sgy_vs\HihoCoder\HihoCoder\Debug\rc.write.1.tlog
F:\SGY_VS\HIHOCODER\HIHOCODER\DEBUG\RICHMAN.OBJ
F:\SGY_VS\HIHOCODER\HIHOCODER\DEBUG\SEQUENCE01STRING.OBJ
F:\SGY_VS\HIHOCODER\HIHOCODER\DEBUG\SPLITSAMECHAR.OBJ
F:\SGY_VS\HIHOCODER\HIHOCODER\DEBUG\TERMINATOR.OBJ
F:\SGY_VS\HIHOCODER\HIHOCODER\DEBUG\THEATRESEAT.OBJ
F:\SGY_VS\HIHOCODER\HIHOCODER\DEBUG\TIME.OBJ
F:\SGY_VS\HIHOCODER\HIHOCODER\DEBUG\TIME_OTHERS.OBJ
F:\sgy_vs\HihoCoder\HihoCoder\Debug\vc100.idb
F:\SGY_VS\HIHOCODER\HIHOCODER\DEBUG\VC100.PDB
